Using pre-set license
Built from '2022.1/staging' branch; Version is '2022.1.13f1 (22856944e6d2) revision 2262377'; Using compiler version '192829333'; Build Type 'Release'
OS: 'Windows 10  (10.0.19045) 64bit Education' Language: 'en' Physical Memory: 16122 MB
BatchMode: 1, IsHumanControllingUs: 0, StartBugReporterOnCrash: 0, Is64bit: 1, IsPro: 1

COMMAND LINE ARGUMENTS:
C:\Program Files\Unity 2022.1.13f1\Editor\Unity.exe
-adb2
-batchMode
-noUpm
-name
AssetImportWorker0
-projectPath
C:/Users/E.Dowth.learner/Willam
-logFile
Logs/AssetImportWorker0.log
-srvPort
53587
Successfully changed project path to: C:/Users/E.Dowth.learner/Willam
C:/Users/E.Dowth.learner/Willam
[UnityMemory] Configuration Parameters - Can be set up in boot.config
    "memorysetup-bucket-allocator-granularity=16"
    "memorysetup-bucket-allocator-bucket-count=8"
    "memorysetup-bucket-allocator-block-size=33554432"
    "memorysetup-bucket-allocator-block-count=8"
    "memorysetup-main-allocator-block-size=16777216"
    "memorysetup-thread-allocator-block-size=16777216"
    "memorysetup-gfx-main-allocator-block-size=16777216"
    "memorysetup-gfx-thread-allocator-block-size=16777216"
    "memorysetup-cache-allocator-block-size=4194304"
    "memorysetup-typetree-allocator-block-size=2097152"
    "memorysetup-profiler-bucket-allocator-granularity=16"
    "memorysetup-profiler-bucket-allocator-bucket-count=8"
    "memorysetup-profiler-bucket-allocator-block-size=33554432"
    "memorysetup-profiler-bucket-allocator-block-count=8"
    "memorysetup-profiler-allocator-block-size=16777216"
    "memorysetup-profiler-editor-allocator-block-size=1048576"
    "memorysetup-temp-allocator-size-main=16777216"
    "memorysetup-job-temp-allocator-block-size=2097152"
    "memorysetup-job-temp-allocator-block-size-background=1048576"
    "memorysetup-job-temp-allocator-reduction-small-platforms=262144"
    "memorysetup-temp-allocator-size-background-worker=32768"
    "memorysetup-temp-allocator-size-job-worker=262144"
    "memorysetup-temp-allocator-size-preload-manager=33554432"
    "memorysetup-temp-allocator-size-nav-mesh-worker=65536"
    "memorysetup-temp-allocator-size-audio-worker=65536"
    "memorysetup-temp-allocator-size-cloud-worker=32768"
    "memorysetup-temp-allocator-size-gi-baking-worker=262144"
    "memorysetup-temp-allocator-size-gfx=262144"
Refreshing native plugins compatible for Editor in 100.30 ms, found 3 plugins.
Preloading 0 native plugins for Editor in 0.00 ms.
Initialize engine version: 2022.1.13f1 (22856944e6d2)
[Subsystems] Discovering subsystems at path C:/Program Files/Unity 2022.1.13f1/Editor/Data/Resources/UnitySubsystems
[Subsystems] Discovering subsystems at path C:/Users/E.Dowth.learner/Willam/Assets
GfxDevice: creating device client; threaded=0; jobified=0
Direct3D:
    Version:  Direct3D 11.0 [level 11.1]
    Renderer: NVIDIA GeForce RTX 3050 Ti Laptop GPU (ID=0x25a0)
    Vendor:   NVIDIA
    VRAM:     3990 MB
    Driver:   31.0.15.1720
Initialize mono
Mono path[0] = 'C:/Program Files/Unity 2022.1.13f1/Editor/Data/Managed'
Mono path[1] = 'C:/Program Files/Unity 2022.1.13f1/Editor/Data/MonoBleedingEdge/lib/mono/unityjit-win32'
Mono config path = 'C:/Program Files/Unity 2022.1.13f1/Editor/Data/MonoBleedingEdge/etc'
Using monoOptions --debugger-agent=transport=dt_socket,embedding=1,server=y,suspend=n,address=127.0.0.1:56648
Begin MonoManager ReloadAssembly
Registering precompiled unity dll's ...
Register platform support module: C:/Program Files/Unity 2022.1.13f1/Editor/Data/PlaybackEngines/WindowsStandaloneSupport/UnityEditor.WindowsStandalone.Extensions.dll
Registered in 0.006438 seconds.
Native extension for WindowsStandalone target not found
Refreshing native plugins compatible for Editor in 85.83 ms, found 3 plugins.
Preloading 0 native plugins for Editor in 0.00 ms.
Mono: successfully reloaded assembly
- Completed reload, in  0.888 seconds
Domain Reload Profiling:
	ReloadAssembly (888ms)
		BeginReloadAssembly (146ms)
			ExecutionOrderSort (0ms)
			DisableScriptedObjects (0ms)
			BackupInstance (0ms)
			ReleaseScriptingObjects (0ms)
			CreateAndSetChildDomain (1ms)
		EndReloadAssembly (582ms)
			LoadAssemblies (145ms)
			RebuildTransferFunctionScriptingTraits (0ms)
			SetupTypeCache (154ms)
				TypeCache.Initialize (154ms)
					TypeCache.ScanAssembly (152ms)
				ResolveRequiredComponents (1ms)
			ReleaseScriptCaches (0ms)
			RebuildScriptCaches (39ms)
			SetupLoadedEditorAssemblies (318ms)
				LogAssemblyErrors (0ms)
				InitializePlatformSupportModulesInManaged (9ms)
				SetLoadedEditorAssemblies (8ms)
				RefreshPlugins (86ms)
				BeforeProcessingInitializeOnLoad (2ms)
				ProcessInitializeOnLoadAttributes (158ms)
				ProcessInitializeOnLoadMethodAttributes (55ms)
				AfterProcessingInitializeOnLoad (0ms)
				EditorAssembliesLoaded (0ms)
			ExecutionOrderSort2 (0ms)
			AwakeInstancesAfterBackupRestoration (0ms)
Platform modules already initialized, skipping
Registering precompiled user dll's ...
Registered in 0.019519 seconds.
Begin MonoManager ReloadAssembly
Symbol file LoadedFromMemory doesn't match image C:\Users\E.Dowth.learner\Willam\Library\PackageCache\com.unity.visualscripting@1.7.8\Editor\VisualScripting.Core\Dependencies\YamlDotNet\Unity.VisualScripting.YamlDotNet.dll
Symbol file LoadedFromMemory doesn't match image C:\Users\E.Dowth.learner\Willam\Library\PackageCache\com.unity.visualscripting@1.7.8\Editor\VisualScripting.Core\Dependencies\DotNetZip\Unity.VisualScripting.IonicZip.dll
Native extension for WindowsStandalone target not found
Refreshing native plugins compatible for Editor in 0.66 ms, found 3 plugins.
Preloading 0 native plugins for Editor in 0.00 ms.
Mono: successfully reloaded assembly
- Completed reload, in  1.428 seconds
Domain Reload Profiling:
	ReloadAssembly (1429ms)
		BeginReloadAssembly (191ms)
			ExecutionOrderSort (0ms)
			DisableScriptedObjects (6ms)
			BackupInstance (0ms)
			ReleaseScriptingObjects (0ms)
			CreateAndSetChildDomain (30ms)
		EndReloadAssembly (1025ms)
			LoadAssemblies (166ms)
			RebuildTransferFunctionScriptingTraits (0ms)
			SetupTypeCache (294ms)
				TypeCache.Initialize (291ms)
					TypeCache.ScanAssembly (287ms)
				ResolveRequiredComponents (3ms)
			ReleaseScriptCaches (1ms)
			RebuildScriptCaches (73ms)
			SetupLoadedEditorAssemblies (472ms)
				LogAssemblyErrors (0ms)
				InitializePlatformSupportModulesInManaged (6ms)
				SetLoadedEditorAssemblies (8ms)
				RefreshPlugins (1ms)
				BeforeProcessingInitializeOnLoad (110ms)
				ProcessInitializeOnLoadAttributes (300ms)
				ProcessInitializeOnLoadMethodAttributes (41ms)
				AfterProcessingInitializeOnLoad (6ms)
				EditorAssembliesLoaded (0ms)
			ExecutionOrderSort2 (0ms)
			AwakeInstancesAfterBackupRestoration (13ms)
Platform modules already initialized, skipping
========================================================================
Worker process is ready to serve import requests
Launched and connected shader compiler UnityShaderCompiler.exe after 0.06 seconds
Refreshing native plugins compatible for Editor in 0.57 ms, found 3 plugins.
Preloading 0 native plugins for Editor in 0.00 ms.
Unloading 3430 Unused Serialized files (Serialized files now loaded: 0)
Unloading 28 unused Assets / (59.2 KB). Loaded Objects now: 3896.
Memory consumption went from 0.52 GB to 0.52 GB.
Total: 3.333800 ms (FindLiveObjects: 0.289900 ms CreateObjectMapping: 0.137800 ms MarkObjects: 2.805300 ms  DeleteObjects: 0.099700 ms)

AssetImportParameters requested are different than current active one (requested -> active):
  custom:video-decoder-ogg-theora: a1e56fd34408186e4bbccfd4996cb3dc -> 
  custom:container-muxer-webm: aa71ff27fc2769a1b78a27578f13a17b -> 
  custom:container-demuxer-webm: 4f35f7cbe854078d1ac9338744f61a02 -> 
  custom:video-encoder-webm-vp8: eb34c28f22e8b96e1ab97ce403110664 -> 
  custom:audio-encoder-webm-vorbis: bf7c407c2cedff20999df2af8eb42d56 -> 
  custom:framework-win-MediaFoundation: 216162199b28c13a410421893ffa2e32 -> 
  custom:container-demuxer-ogg: 62fdf1f143b41e24485cea50d1cbac27 -> 
  custom:video-decoder-webm-vp8: 9c59270c3fd7afecdb556c50c9e8de78 -> 
  custom:audio-decoder-ogg-vorbis: bf7c407c2cedff20999df2af8eb42d56 -> 
========================================================================
Received Prepare
Registering precompiled user dll's ...
Registered in 0.017413 seconds.
Begin MonoManager ReloadAssembly
Symbol file LoadedFromMemory doesn't match image C:\Users\E.Dowth.learner\Willam\Library\PackageCache\com.unity.visualscripting@1.7.8\Editor\VisualScripting.Core\Dependencies\YamlDotNet\Unity.VisualScripting.YamlDotNet.dll
Symbol file LoadedFromMemory doesn't match image C:\Users\E.Dowth.learner\Willam\Library\PackageCache\com.unity.visualscripting@1.7.8\Editor\VisualScripting.Core\Dependencies\DotNetZip\Unity.VisualScripting.IonicZip.dll
Native extension for WindowsStandalone target not found
Refreshing native plugins compatible for Editor in 0.90 ms, found 3 plugins.
Preloading 0 native plugins for Editor in 0.00 ms.
Mono: successfully reloaded assembly
- Completed reload, in  1.312 seconds
Domain Reload Profiling:
	ReloadAssembly (1313ms)
		BeginReloadAssembly (187ms)
			ExecutionOrderSort (0ms)
			DisableScriptedObjects (4ms)
			BackupInstance (0ms)
			ReleaseScriptingObjects (0ms)
			CreateAndSetChildDomain (42ms)
		EndReloadAssembly (997ms)
			LoadAssemblies (165ms)
			RebuildTransferFunctionScriptingTraits (0ms)
			SetupTypeCache (321ms)
				TypeCache.Initialize (310ms)
					TypeCache.ScanAssembly (301ms)
				ResolveRequiredComponents (11ms)
			ReleaseScriptCaches (2ms)
			RebuildScriptCaches (71ms)
			SetupLoadedEditorAssemblies (396ms)
				LogAssemblyErrors (0ms)
				InitializePlatformSupportModulesInManaged (17ms)
				SetLoadedEditorAssemblies (9ms)
				RefreshPlugins (1ms)
				BeforeProcessingInitializeOnLoad (84ms)
				ProcessInitializeOnLoadAttributes (248ms)
				ProcessInitializeOnLoadMethodAttributes (31ms)
				AfterProcessingInitializeOnLoad (6ms)
				EditorAssembliesLoaded (0ms)
			ExecutionOrderSort2 (0ms)
			AwakeInstancesAfterBackupRestoration (9ms)
Platform modules already initialized, skipping
Refreshing native plugins compatible for Editor in 3.32 ms, found 3 plugins.
Preloading 0 native plugins for Editor in 0.00 ms.
Unloading 3411 Unused Serialized files (Serialized files now loaded: 0)
Unloading 21 unused Assets / (32.7 KB). Loaded Objects now: 3899.
Memory consumption went from 0.51 GB to 0.51 GB.
Total: 2.681900 ms (FindLiveObjects: 0.223200 ms CreateObjectMapping: 0.115700 ms MarkObjects: 2.308900 ms  DeleteObjects: 0.031900 ms)

AssetImportParameters requested are different than current active one (requested -> active):
  custom:video-decoder-ogg-theora: a1e56fd34408186e4bbccfd4996cb3dc -> 
  custom:container-muxer-webm: aa71ff27fc2769a1b78a27578f13a17b -> 
  custom:container-demuxer-webm: 4f35f7cbe854078d1ac9338744f61a02 -> 
  custom:video-encoder-webm-vp8: eb34c28f22e8b96e1ab97ce403110664 -> 
  custom:audio-encoder-webm-vorbis: bf7c407c2cedff20999df2af8eb42d56 -> 
  custom:framework-win-MediaFoundation: 216162199b28c13a410421893ffa2e32 -> 
  custom:container-demuxer-ogg: 62fdf1f143b41e24485cea50d1cbac27 -> 
  custom:video-decoder-webm-vp8: 9c59270c3fd7afecdb556c50c9e8de78 -> 
  custom:audio-decoder-ogg-vorbis: bf7c407c2cedff20999df2af8eb42d56 -> 
========================================================================
Received Prepare
Registering precompiled user dll's ...
Registered in 0.019298 seconds.
Begin MonoManager ReloadAssembly
Symbol file LoadedFromMemory doesn't match image C:\Users\E.Dowth.learner\Willam\Library\PackageCache\com.unity.visualscripting@1.7.8\Editor\VisualScripting.Core\Dependencies\YamlDotNet\Unity.VisualScripting.YamlDotNet.dll
Symbol file LoadedFromMemory doesn't match image C:\Users\E.Dowth.learner\Willam\Library\PackageCache\com.unity.visualscripting@1.7.8\Editor\VisualScripting.Core\Dependencies\DotNetZip\Unity.VisualScripting.IonicZip.dll
Native extension for WindowsStandalone target not found
Refreshing native plugins compatible for Editor in 0.92 ms, found 3 plugins.
Preloading 0 native plugins for Editor in 0.00 ms.
Mono: successfully reloaded assembly
- Completed reload, in  1.239 seconds
Domain Reload Profiling:
	ReloadAssembly (1240ms)
		BeginReloadAssembly (200ms)
			ExecutionOrderSort (0ms)
			DisableScriptedObjects (6ms)
			BackupInstance (0ms)
			ReleaseScriptingObjects (0ms)
			CreateAndSetChildDomain (45ms)
		EndReloadAssembly (917ms)
			LoadAssemblies (183ms)
			RebuildTransferFunctionScriptingTraits (0ms)
			SetupTypeCache (304ms)
				TypeCache.Initialize (298ms)
					TypeCache.ScanAssembly (290ms)
				ResolveRequiredComponents (5ms)
			ReleaseScriptCaches (2ms)
			RebuildScriptCaches (45ms)
			SetupLoadedEditorAssemblies (385ms)
				LogAssemblyErrors (0ms)
				InitializePlatformSupportModulesInManaged (16ms)
				SetLoadedEditorAssemblies (9ms)
				RefreshPlugins (1ms)
				BeforeProcessingInitializeOnLoad (70ms)
				ProcessInitializeOnLoadAttributes (247ms)
				ProcessInitializeOnLoadMethodAttributes (32ms)
				AfterProcessingInitializeOnLoad (10ms)
				EditorAssembliesLoaded (0ms)
			ExecutionOrderSort2 (0ms)
			AwakeInstancesAfterBackupRestoration (7ms)
Platform modules already initialized, skipping
Refreshing native plugins compatible for Editor in 2.60 ms, found 3 plugins.
Preloading 0 native plugins for Editor in 0.00 ms.
Unloading 3411 Unused Serialized files (Serialized files now loaded: 0)
Unloading 21 unused Assets / (32.7 KB). Loaded Objects now: 3902.
Memory consumption went from 0.51 GB to 0.51 GB.
Total: 2.631500 ms (FindLiveObjects: 0.331100 ms CreateObjectMapping: 0.183200 ms MarkObjects: 2.084500 ms  DeleteObjects: 0.030600 ms)

AssetImportParameters requested are different than current active one (requested -> active):
  custom:video-decoder-ogg-theora: a1e56fd34408186e4bbccfd4996cb3dc -> 
  custom:container-muxer-webm: aa71ff27fc2769a1b78a27578f13a17b -> 
  custom:container-demuxer-webm: 4f35f7cbe854078d1ac9338744f61a02 -> 
  custom:video-encoder-webm-vp8: eb34c28f22e8b96e1ab97ce403110664 -> 
  custom:audio-encoder-webm-vorbis: bf7c407c2cedff20999df2af8eb42d56 -> 
  custom:framework-win-MediaFoundation: 216162199b28c13a410421893ffa2e32 -> 
  custom:container-demuxer-ogg: 62fdf1f143b41e24485cea50d1cbac27 -> 
  custom:video-decoder-webm-vp8: 9c59270c3fd7afecdb556c50c9e8de78 -> 
  custom:audio-decoder-ogg-vorbis: bf7c407c2cedff20999df2af8eb42d56 -> 
========================================================================
Received Prepare
Registering precompiled user dll's ...
Registered in 0.020229 seconds.
Begin MonoManager ReloadAssembly
Symbol file LoadedFromMemory doesn't match image C:\Users\E.Dowth.learner\Willam\Library\PackageCache\com.unity.visualscripting@1.7.8\Editor\VisualScripting.Core\Dependencies\YamlDotNet\Unity.VisualScripting.YamlDotNet.dll
Symbol file LoadedFromMemory doesn't match image C:\Users\E.Dowth.learner\Willam\Library\PackageCache\com.unity.visualscripting@1.7.8\Editor\VisualScripting.Core\Dependencies\DotNetZip\Unity.VisualScripting.IonicZip.dll
Native extension for WindowsStandalone target not found
Refreshing native plugins compatible for Editor in 0.92 ms, found 3 plugins.
Preloading 0 native plugins for Editor in 0.00 ms.
Mono: successfully reloaded assembly
- Completed reload, in  1.140 seconds
Domain Reload Profiling:
	ReloadAssembly (1141ms)
		BeginReloadAssembly (185ms)
			ExecutionOrderSort (0ms)
			DisableScriptedObjects (6ms)
			BackupInstance (0ms)
			ReleaseScriptingObjects (0ms)
			CreateAndSetChildDomain (48ms)
		EndReloadAssembly (857ms)
			LoadAssemblies (158ms)
			RebuildTransferFunctionScriptingTraits (0ms)
			SetupTypeCache (281ms)
				TypeCache.Initialize (276ms)
					TypeCache.ScanAssembly (268ms)
				ResolveRequiredComponents (5ms)
			ReleaseScriptCaches (1ms)
			RebuildScriptCaches (44ms)
			SetupLoadedEditorAssemblies (353ms)
				LogAssemblyErrors (0ms)
				InitializePlatformSupportModulesInManaged (11ms)
				SetLoadedEditorAssemblies (8ms)
				RefreshPlugins (1ms)
				BeforeProcessingInitializeOnLoad (63ms)
				ProcessInitializeOnLoadAttributes (224ms)
				ProcessInitializeOnLoadMethodAttributes (32ms)
				AfterProcessingInitializeOnLoad (14ms)
				EditorAssembliesLoaded (0ms)
			ExecutionOrderSort2 (0ms)
			AwakeInstancesAfterBackupRestoration (9ms)
Platform modules already initialized, skipping
Refreshing native plugins compatible for Editor in 2.57 ms, found 3 plugins.
Preloading 0 native plugins for Editor in 0.00 ms.
Unloading 3411 Unused Serialized files (Serialized files now loaded: 0)
Unloading 21 unused Assets / (32.7 KB). Loaded Objects now: 3905.
Memory consumption went from 0.51 GB to 0.51 GB.
Total: 3.285800 ms (FindLiveObjects: 0.211400 ms CreateObjectMapping: 0.114300 ms MarkObjects: 2.914200 ms  DeleteObjects: 0.044500 ms)

AssetImportParameters requested are different than current active one (requested -> active):
  custom:video-decoder-ogg-theora: a1e56fd34408186e4bbccfd4996cb3dc -> 
  custom:container-muxer-webm: aa71ff27fc2769a1b78a27578f13a17b -> 
  custom:container-demuxer-webm: 4f35f7cbe854078d1ac9338744f61a02 -> 
  custom:video-encoder-webm-vp8: eb34c28f22e8b96e1ab97ce403110664 -> 
  custom:audio-encoder-webm-vorbis: bf7c407c2cedff20999df2af8eb42d56 -> 
  custom:framework-win-MediaFoundation: 216162199b28c13a410421893ffa2e32 -> 
  custom:container-demuxer-ogg: 62fdf1f143b41e24485cea50d1cbac27 -> 
  custom:video-decoder-webm-vp8: 9c59270c3fd7afecdb556c50c9e8de78 -> 
  custom:audio-decoder-ogg-vorbis: bf7c407c2cedff20999df2af8eb42d56 -> 
========================================================================
Received Import Request.
  Time since last request: 1397110.597283 seconds.
  path: Assets/C#/health/iDamageable_.cs
  artifactKey: Guid(7b8087494ca6d844fb443fcee41b8b1a) Importer(815301076,1909f56bfc062723c751e8b465ee728b)
Start importing Assets/C#/health/iDamageable_.cs using Guid(7b8087494ca6d844fb443fcee41b8b1a) Importer(815301076,1909f56bfc062723c751e8b465ee728b)  -> (artifact id: '65b5fe2420ddaca0f656d683f61cd3a5') in 0.030172 seconds 
========================================================================
Received Import Request.
  Time since last request: 10.077256 seconds.
  path: Assets/C#/health/health.cs
  artifactKey: Guid(926bb0250955ffc41a2f8b511f08455b) Importer(815301076,1909f56bfc062723c751e8b465ee728b)
Start importing Assets/C#/health/health.cs using Guid(926bb0250955ffc41a2f8b511f08455b) Importer(815301076,1909f56bfc062723c751e8b465ee728b)  -> (artifact id: '3966b4be035fb1e41086cdd259e6c8e2') in 0.006029 seconds 
========================================================================
Received Import Request.
  Time since last request: 8.307702 seconds.
  path: Assets/C#/health/Target.cs
  artifactKey: Guid(73870be8d26ea23408c6b46f205dfc47) Importer(815301076,1909f56bfc062723c751e8b465ee728b)
Start importing Assets/C#/health/Target.cs using Guid(73870be8d26ea23408c6b46f205dfc47) Importer(815301076,1909f56bfc062723c751e8b465ee728b)  -> (artifact id: 'b97e32ad4ab7630c300cc0f58ec46011') in 0.006497 seconds 
========================================================================
Received Import Request.
  Time since last request: 31.993627 seconds.
  path: Assets/C#/health/TakeDamage.cs
  artifactKey: Guid(ee6af118ba79dc04896a106c04f4b898) Importer(815301076,1909f56bfc062723c751e8b465ee728b)
Start importing Assets/C#/health/TakeDamage.cs using Guid(ee6af118ba79dc04896a106c04f4b898) Importer(815301076,1909f56bfc062723c751e8b465ee728b)  -> (artifact id: 'bcac6ae41cfbaf7813fa81292e546dc0') in 0.005912 seconds 
========================================================================
Received Import Request.
  Time since last request: 24.379956 seconds.
  path: Assets/C#/health/TakeDamage.cs
  artifactKey: Guid(ee6af118ba79dc04896a106c04f4b898) Importer(815301076,1909f56bfc062723c751e8b465ee728b)
Start importing Assets/C#/health/TakeDamage.cs using Guid(ee6af118ba79dc04896a106c04f4b898) Importer(815301076,1909f56bfc062723c751e8b465ee728b)  -> (artifact id: '995e855ee98ba93d994ed6c0e561dc92') in 0.006812 seconds 
========================================================================
Received Import Request.
  Time since last request: 423.474681 seconds.
  path: Assets/C#/health/Enemy.cs
  artifactKey: Guid(987fe3061c9a55d4dbe72d0c47f5506c) Importer(815301076,1909f56bfc062723c751e8b465ee728b)
Start importing Assets/C#/health/Enemy.cs using Guid(987fe3061c9a55d4dbe72d0c47f5506c) Importer(815301076,1909f56bfc062723c751e8b465ee728b)  -> (artifact id: '6222f9962f12bf09291ba1f8e871b4c0') in 0.006760 seconds 
========================================================================
Received Import Request.
  Time since last request: 105.703316 seconds.
  path: Assets/C#/Enemies
  artifactKey: Guid(0e1fdb67ac0dc1443b6587a8f91eba52) Importer(815301076,1909f56bfc062723c751e8b465ee728b)
Start importing Assets/C#/Enemies using Guid(0e1fdb67ac0dc1443b6587a8f91eba52) Importer(815301076,1909f56bfc062723c751e8b465ee728b)  -> (artifact id: 'a3e8e304c6f8ab1122216310accb41d3') in 0.005339 seconds 
========================================================================
Received Import Request.
  Time since last request: 11.590558 seconds.
  path: Assets/C#/Enemies/ShootingAi.cs
  artifactKey: Guid(78c317d4390097b428fdfe603efbbb30) Importer(815301076,1909f56bfc062723c751e8b465ee728b)
Start importing Assets/C#/Enemies/ShootingAi.cs using Guid(78c317d4390097b428fdfe603efbbb30) Importer(815301076,1909f56bfc062723c751e8b465ee728b)  -> (artifact id: 'de962e76584e36ac0909f575acffdbd7') in 0.005219 seconds 
========================================================================
Received Import Request.
  Time since last request: 113.159094 seconds.
  path: Assets/C#/Enemies/ShootingAi.cs
  artifactKey: Guid(78c317d4390097b428fdfe603efbbb30) Importer(815301076,1909f56bfc062723c751e8b465ee728b)
Start importing Assets/C#/Enemies/ShootingAi.cs using Guid(78c317d4390097b428fdfe603efbbb30) Importer(815301076,1909f56bfc062723c751e8b465ee728b)  -> (artifact id: 'bd9373f9e25fd5c00a2c937d549a12c9') in 0.005866 seconds 
========================================================================
Received Import Request.
  Time since last request: 1544.863840 seconds.
  path: Assets/C#/movement/CameraShake.cs
  artifactKey: Guid(da9570dc40b0c164dad406c45eee783c) Importer(815301076,1909f56bfc062723c751e8b465ee728b)
Start importing Assets/C#/movement/CameraShake.cs using Guid(da9570dc40b0c164dad406c45eee783c) Importer(815301076,1909f56bfc062723c751e8b465ee728b)  -> (artifact id: '5b1284a725c7ce2796a11532d76efeb6') in 0.006200 seconds 
========================================================================
Received Import Request.
  Time since last request: 661.346535 seconds.
  path: Assets/C#/movement/CameraShake.cs
  artifactKey: Guid(da9570dc40b0c164dad406c45eee783c) Importer(815301076,1909f56bfc062723c751e8b465ee728b)
Start importing Assets/C#/movement/CameraShake.cs using Guid(da9570dc40b0c164dad406c45eee783c) Importer(815301076,1909f56bfc062723c751e8b465ee728b)  -> (artifact id: '7575b43726db70894093af756d1d1249') in 0.007981 seconds 
========================================================================
Received Import Request.
  Time since last request: 1461.327161 seconds.
  path: Assets/Sci Fi Gun Light/_prefabs
  artifactKey: Guid(14dbb18d3678c234da1023e170abe6c5) Importer(815301076,1909f56bfc062723c751e8b465ee728b)
Start importing Assets/Sci Fi Gun Light/_prefabs using Guid(14dbb18d3678c234da1023e170abe6c5) Importer(815301076,1909f56bfc062723c751e8b465ee728b)  -> (artifact id: 'a33ccde98110e87d604afa57e9f0f21a') in 0.006500 seconds 
========================================================================
Received Import Request.
  Time since last request: 1.045909 seconds.
  path: Assets/Sci Fi Gun Light/_prefabs/GunLight
  artifactKey: Guid(725e685d852ada3489cd8f7d9f441221) Importer(815301076,1909f56bfc062723c751e8b465ee728b)
Start importing Assets/Sci Fi Gun Light/_prefabs/GunLight using Guid(725e685d852ada3489cd8f7d9f441221) Importer(815301076,1909f56bfc062723c751e8b465ee728b)  -> (artifact id: 'f54d919e039fd017c42c436ac2afcf56') in 0.006433 seconds 
========================================================================
Received Import Request.
  Time since last request: 0.082263 seconds.
  path: Assets/Sci Fi Gun Light/_prefabs/GunLight/SciFiGunLightBlack.prefab
  artifactKey: Guid(a4e476a037022df448ead5d0ceea7d06) Importer(815301076,1909f56bfc062723c751e8b465ee728b)
Start importing Assets/Sci Fi Gun Light/_prefabs/GunLight/SciFiGunLightBlack.prefab using Guid(a4e476a037022df448ead5d0ceea7d06) Importer(815301076,1909f56bfc062723c751e8b465ee728b)  -> (artifact id: '84ff436494c1810a1bd35814ccd0af71') in 0.591484 seconds 
========================================================================
Received Import Request.
  Time since last request: 0.000028 seconds.
  path: Assets/Sci Fi Gun Light/_prefabs/GunLight/SciFiGunLightWhite.prefab
  artifactKey: Guid(1d8e61deede12df46b37e582ad640c5c) Importer(815301076,1909f56bfc062723c751e8b465ee728b)
Start importing Assets/Sci Fi Gun Light/_prefabs/GunLight/SciFiGunLightWhite.prefab using Guid(1d8e61deede12df46b37e582ad640c5c) Importer(815301076,1909f56bfc062723c751e8b465ee728b)  -> (artifact id: 'fbcb09dc8f67d100e4b8605bd4051d6b') in 0.052252 seconds 
========================================================================
Received Import Request.
  Time since last request: 0.000041 seconds.
  path: Assets/Sci Fi Gun Light/_prefabs/GunLight/SciFiGunLightRad.prefab
  artifactKey: Guid(2c3055a11cb8f8540a181490a4c34b7c) Importer(815301076,1909f56bfc062723c751e8b465ee728b)
Start importing Assets/Sci Fi Gun Light/_prefabs/GunLight/SciFiGunLightRad.prefab using Guid(2c3055a11cb8f8540a181490a4c34b7c) Importer(815301076,1909f56bfc062723c751e8b465ee728b)  -> (artifact id: 'ce111a14b893645dec91e6300a34b2b7') in 0.034812 seconds 
